This file contains any messages produced by compilers while
running configure, to aid debugging if configure makes a mistake.

It was created by unixcrypt-breaker configure 0.2, which was
generated by GNU Autoconf 2.69.  Invocation command line was

  $ ./configure --no-create --no-recursion

## --------- ##
## Platform. ##
## --------- ##

hostname = YOUMU-VM
uname -m = x86_64
uname -r = 3.19.0-65-generic
uname -s = Linux
uname -v = #73~14.04.1-Ubuntu SMP Wed Jun 29 21:05:22 UTC 2016

/usr/bin/uname -p = unknown
/bin/uname -X     = unknown

/bin/arch              = unknown
/usr/bin/arch -k       = unknown
/usr/convex/getsysinfo = unknown
/usr/bin/hostinfo      = unknown
/bin/machine           = unknown
/usr/bin/oslevel       = unknown
/bin/universe          = unknown

PATH: /home/charlie/.cargo/bin
PATH: /home/charlie/bin
PATH: /usr/local/sbin
PATH: /usr/local/bin
PATH: /usr/sbin
PATH: /usr/bin
PATH: /sbin
PATH: /bin
PATH: /usr/games
PATH: /usr/local/games


## ----------- ##
## Core tests. ##
## ----------- ##

configure:1937: checking for a BSD-compatible install
configure:2005: result: /usr/bin/install -c
configure:2016: checking whether build environment is sane
configure:2066: result: yes
configure:2207: checking for a thread-safe mkdir -p
configure:2246: result: /bin/mkdir -p
configure:2259: checking for gawk
configure:2289: result: no
configure:2259: checking for mawk
configure:2275: found /usr/bin/mawk
configure:2286: result: mawk
configure:2297: checking whether make sets $(MAKE)
configure:2319: result: yes
configure:2452: checking for gcc
configure:2468: found /usr/bin/gcc
configure:2479: result: gcc
configure:2708: checking for C compiler version
configure:2717: gcc --version >&5
gcc (Ubuntu 4.8.4-2ubuntu1~14.04.3) 4.8.4
Copyright (C) 2013 Free Software Foundation, Inc.
This is free software; see the source for copying conditions.  There is NO
warranty; not even for MERCHANTABILITY or FITNESS FOR A PARTICULAR PURPOSE.

configure:2728: $? = 0
configure:2717: gcc -v >&5
Using built-in specs.
COLLECT_GCC=gcc
COLLECT_LTO_WRAPPER=/usr/lib/gcc/x86_64-linux-gnu/4.8/lto-wrapper
Target: x86_64-linux-gnu
Configured with: ../src/configure -v --with-pkgversion='Ubuntu 4.8.4-2ubuntu1~14.04.3' --with-bugurl=file:///usr/share/doc/gcc-4.8/README.Bugs --enable-languages=c,c++,java,go,d,fortran,objc,obj-c++ --prefix=/usr --program-suffix=-4.8 --enable-shared --enable-linker-build-id --libexecdir=/usr/lib --without-included-gettext --enable-threads=posix --with-gxx-include-dir=/usr/include/c++/4.8 --libdir=/usr/lib --enable-nls --with-sysroot=/ --enable-clocale=gnu --enable-libstdcxx-debug --enable-libstdcxx-time=yes --enable-gnu-unique-object --disable-libmudflap --enable-plugin --with-system-zlib --disable-browser-plugin --enable-java-awt=gtk --enable-gtk-cairo --with-java-home=/usr/lib/jvm/java-1.5.0-gcj-4.8-amd64/jre --enable-java-home --with-jvm-root-dir=/usr/lib/jvm/java-1.5.0-gcj-4.8-amd64 --with-jvm-jar-dir=/usr/lib/jvm-exports/java-1.5.0-gcj-4.8-amd64 --with-arch-directory=amd64 --with-ecj-jar=/usr/share/java/eclipse-ecj.jar --enable-objc-gc --enable-multiarch --disable-werror --with-arch-32=i686 --with-abi=m64 --with-multilib-list=m32,m64,mx32 --with-tune=generic --enable-checking=release --build=x86_64-linux-gnu --host=x86_64-linux-gnu --target=x86_64-linux-gnu
Thread model: posix
gcc version 4.8.4 (Ubuntu 4.8.4-2ubuntu1~14.04.3) 
configure:2728: $? = 0
configure:2717: gcc -V >&5
gcc: error: unrecognized command line option '-V'
gcc: fatal error: no input files
compilation terminated.
configure:2728: $? = 4
configure:2717: gcc -qversion >&5
gcc: error: unrecognized command line option '-qversion'
gcc: fatal error: no input files
compilation terminated.
configure:2728: $? = 4
configure:2748: checking whether the C compiler works
configure:2770: gcc    conftest.c  >&5
configure:2774: $? = 0
configure:2822: result: yes
configure:2825: checking for C compiler default output file name
configure:2827: result: a.out
configure:2833: checking for suffix of executables
configure:2840: gcc -o conftest    conftest.c  >&5
configure:2844: $? = 0
configure:2866: result: 
configure:2888: checking whether we are cross compiling
configure:2896: gcc -o conftest    conftest.c  >&5
configure:2900: $? = 0
configure:2907: ./conftest
configure:2911: $? = 0
configure:2926: result: no
configure:2931: checking for suffix of object files
configure:2953: gcc -c   conftest.c >&5
configure:2957: $? = 0
configure:2978: result: o
configure:2982: checking whether we are using the GNU C compiler
configure:3001: gcc -c   conftest.c >&5
configure:3001: $? = 0
configure:3010: result: yes
configure:3019: checking whether gcc accepts -g
configure:3039: gcc -c -g  conftest.c >&5
configure:3039: $? = 0
configure:3080: result: yes
configure:3097: checking for gcc option to accept ISO C89
configure:3160: gcc  -c -g -O2  conftest.c >&5
configure:3160: $? = 0
configure:3173: result: none needed
configure:3204: checking for style of include used by make
configure:3232: result: GNU
configure:3258: checking dependency style of gcc
configure:3369: result: gcc3
configure:3386: checking for getopt_long
configure:3386: gcc -o conftest -g -O2   conftest.c  >&5
configure:3386: $? = 0
configure:3386: result: yes
configure:3529: creating ./config.status

## ---------------- ##
## Cache variables. ##
## ---------------- ##

ac_cv_c_compiler_gnu=yes
ac_cv_env_CC_set=
ac_cv_env_CC_value=
ac_cv_env_CFLAGS_set=
ac_cv_env_CFLAGS_value=
ac_cv_env_CPPFLAGS_set=
ac_cv_env_CPPFLAGS_value=
ac_cv_env_LDFLAGS_set=
ac_cv_env_LDFLAGS_value=
ac_cv_env_LIBS_set=
ac_cv_env_LIBS_value=
ac_cv_env_build_alias_set=
ac_cv_env_build_alias_value=
ac_cv_env_host_alias_set=
ac_cv_env_host_alias_value=
ac_cv_env_target_alias_set=
ac_cv_env_target_alias_value=
ac_cv_func_getopt_long=yes
ac_cv_objext=o
ac_cv_path_install='/usr/bin/install -c'
ac_cv_path_mkdir=/bin/mkdir
ac_cv_prog_AWK=mawk
ac_cv_prog_ac_ct_CC=gcc
ac_cv_prog_cc_c89=
ac_cv_prog_cc_g=yes
ac_cv_prog_make_make_set=yes
am_cv_CC_dependencies_compiler_type=gcc3

## ----------------- ##
## Output variables. ##
## ----------------- ##

ACLOCAL='${SHELL} "/media/sf_Charlie/Documents/school work/university/SummerResearch2019/unixcrypt-breaker-0.2-edited/missing" --run aclocal-1.11'
AMDEPBACKSLASH='\'
AMDEP_FALSE='#'
AMDEP_TRUE=''
AMTAR='$${TAR-tar}'
AUTOCONF='${SHELL} "/media/sf_Charlie/Documents/school work/university/SummerResearch2019/unixcrypt-breaker-0.2-edited/missing" --run autoconf'
AUTOHEADER='${SHELL} "/media/sf_Charlie/Documents/school work/university/SummerResearch2019/unixcrypt-breaker-0.2-edited/missing" --run autoheader'
AUTOMAKE='${SHELL} "/media/sf_Charlie/Documents/school work/university/SummerResearch2019/unixcrypt-breaker-0.2-edited/missing" --run automake-1.11'
AWK='mawk'
CC='gcc'
CCDEPMODE='depmode=gcc3'
CFLAGS='-g -O2'
CPPFLAGS=''
CYGPATH_W='echo'
DATE='June 2013'
DEFS='-DHAVE_CONFIG_H'
DEPDIR='.deps'
ECHO_C=''
ECHO_N='-n'
ECHO_T=''
EXEEXT=''
EXTRA_OBJS=''
INSTALL_DATA='${INSTALL} -m 644'
INSTALL_PROGRAM='${INSTALL}'
INSTALL_SCRIPT='${INSTALL}'
INSTALL_STRIP_PROGRAM='$(install_sh) -c -s'
LDFLAGS=''
LIBOBJS=''
LIBS=''
LTLIBOBJS=''
MAKEINFO='${SHELL} "/media/sf_Charlie/Documents/school work/university/SummerResearch2019/unixcrypt-breaker-0.2-edited/missing" --run makeinfo'
MKDIR_P='/bin/mkdir -p'
OBJEXT='o'
PACKAGE='unixcrypt-breaker'
PACKAGE_BUGREPORT=''
PACKAGE_NAME='unixcrypt-breaker'
PACKAGE_STRING='unixcrypt-breaker 0.2'
PACKAGE_TARNAME='unixcrypt-breaker'
PACKAGE_URL=''
PACKAGE_VERSION='0.2'
PATH_SEPARATOR=':'
SET_MAKE=''
SHELL='/bin/bash'
STRIP=''
VERSION='0.2'
ac_ct_CC='gcc'
am__EXEEXT_FALSE=''
am__EXEEXT_TRUE='#'
am__fastdepCC_FALSE='#'
am__fastdepCC_TRUE=''
am__include='include'
am__isrc=''
am__leading_dot='.'
am__nodep='_no'
am__quote=''
am__tar='$${TAR-tar} chof - "$$tardir"'
am__untar='$${TAR-tar} xf -'
bindir='${exec_prefix}/bin'
build_alias=''
datadir='${datarootdir}'
datarootdir='${prefix}/share'
docdir='${datarootdir}/doc/${PACKAGE_TARNAME}'
dvidir='${docdir}'
exec_prefix='${prefix}'
host_alias=''
htmldir='${docdir}'
includedir='${prefix}/include'
infodir='${datarootdir}/info'
install_sh='${SHELL} '\''/media/sf_Charlie/Documents/school work/university/SummerResearch2019/unixcrypt-breaker-0.2-edited/install-sh'\'''
libdir='${exec_prefix}/lib'
libexecdir='${exec_prefix}/libexec'
localedir='${datarootdir}/locale'
localstatedir='${prefix}/var'
mandir='${datarootdir}/man'
mkdir_p='/bin/mkdir -p'
oldincludedir='/usr/include'
pdfdir='${docdir}'
prefix='/usr/local'
program_transform_name='s,x,x,'
psdir='${docdir}'
sbindir='${exec_prefix}/sbin'
sharedstatedir='${prefix}/com'
sysconfdir='${prefix}/etc'
target_alias=''

## ----------- ##
## confdefs.h. ##
## ----------- ##

/* confdefs.h */
#define PACKAGE_NAME "unixcrypt-breaker"
#define PACKAGE_TARNAME "unixcrypt-breaker"
#define PACKAGE_VERSION "0.2"
#define PACKAGE_STRING "unixcrypt-breaker 0.2"
#define PACKAGE_BUGREPORT ""
#define PACKAGE_URL ""
#define PACKAGE "unixcrypt-breaker"
#define VERSION "0.2"

configure: exit 0

## ---------------------- ##
## Running config.status. ##
## ---------------------- ##

This file was extended by unixcrypt-breaker config.status 0.2, which was
generated by GNU Autoconf 2.69.  Invocation command line was

  CONFIG_FILES    = 
  CONFIG_HEADERS  = 
  CONFIG_LINKS    = 
  CONFIG_COMMANDS = 
  $ ./config.status 

on YOUMU-VM

config.status:840: creating doc/unixcrypt-breaker.1
config.status:840: creating Makefile
config.status:840: creating src/Makefile
config.status:840: creating doc/Makefile
config.status:840: creating config.h
config.status:1021: config.h is unchanged
config.status:1069: executing depfiles commands

## ---------------------- ##
## Running config.status. ##
## ---------------------- ##

This file was extended by unixcrypt-breaker config.status 0.2, which was
generated by GNU Autoconf 2.69.  Invocation command line was

  CONFIG_FILES    = 
  CONFIG_HEADERS  = 
  CONFIG_LINKS    = 
  CONFIG_COMMANDS = 
  $ ./config.status config.h

on YOUMU-VM

config.status:840: creating config.h
config.status:1021: config.h is unchanged
